<?xml version="1.0" encoding="UTF-8"?>
<!-- Generated by org.testng.reporters.JUnitReportReporter -->
<testsuite hostname="Sonalis_AsusVB" failures="0" tests="5" name="TestRunnerMicrofocus.RunnerTestMicrofocus" time="44.270" errors="0" timestamp="2024-05-17T15:51:29 IST" skipped="0">
  <testcase classname="TestRunnerMicrofocus.RunnerTestMicrofocus" name="runScenario" time="9.038"/>
  <system-out/>
  <testcase classname="TestRunnerMicrofocus.RunnerTestMicrofocus" name="runScenario" time="6.750"/>
  <system-out/>
  <testcase classname="TestRunnerMicrofocus.RunnerTestMicrofocus" name="runScenario" time="7.068"/>
  <system-out/>
  <testcase classname="TestRunnerMicrofocus.RunnerTestMicrofocus" name="runScenario" time="14.738"/>
  <system-out/>
  <testcase classname="TestRunnerMicrofocus.RunnerTestMicrofocus" name="runScenario" time="6.676"/>
  <system-out/>
</testsuite> <!-- TestRunnerMicrofocus.RunnerTestMicrofocus -->
